2013/08/09 13:28:10 [error] [php] Undefined offset: 0 (C:\wamp\www\bnieq\framework\zii\widgets\CMenu.php:308)
Stack trace:
#0 C:\wamp\www\bnieq\framework\web\CBaseController.php(147): CMenu->init()
#1 C:\wamp\www\bnieq\framework\web\CBaseController.php(172): SiteController->createWidget()
#2 C:\wamp\www\bnieq\protected\views\layouts\main.php(46): SiteController->widget()
#3 C:\wamp\www\bnieq\framework\web\CBaseController.php(126): require()
#4 C:\wamp\www\bnieq\framework\web\CBaseController.php(95): SiteController->renderInternal()
#5 C:\wamp\www\bnieq\framework\web\widgets\CContentDecorator.php(76): SiteController->renderFile()
#6 C:\wamp\www\bnieq\framework\web\widgets\CContentDecorator.php(54): CContentDecorator->decorate()
#7 C:\wamp\www\bnieq\framework\web\widgets\COutputProcessor.php(44): CContentDecorator->processOutput()
#8 C:\wamp\www\bnieq\framework\web\CBaseController.php(206): CContentDecorator->run()
#9 C:\wamp\www\bnieq\framework\web\CBaseController.php(300): SiteController->endWidget()
#10 C:\wamp\www\bnieq\protected\views\layouts\column1.php(6): SiteController->endContent()
#11 C:\wamp\www\bnieq\framework\web\CBaseController.php(126): require()
#12 C:\wamp\www\bnieq\framework\web\CBaseController.php(95): SiteController->renderInternal()
#13 C:\wamp\www\bnieq\framework\web\CController.php(784): SiteController->renderFile()
#14 C:\wamp\www\bnieq\protected\controllers\SiteController.php(32): SiteController->render()
#15 C:\wamp\www\bnieq\framework\web\actions\CInlineAction.php(49): SiteController->actionIndex()
#16 C:\wamp\www\bnieq\framework\web\CController.php(308): CInlineAction->runWithParams()
#17 C:\wamp\www\bnieq\framework\web\CController.php(286): SiteController->runAction()
#18 C:\wamp\www\bnieq\framework\web\CController.php(265): SiteController->runActionWithFilters()
#19 C:\wamp\www\bnieq\framework\web\CWebApplication.php(282): SiteController->run()
#20 C:\wamp\www\bnieq\framework\web\CWebApplication.php(141): CWebApplication->runController()
#21 C:\wamp\www\bnieq\framework\base\CApplication.php(169): CWebApplication->processRequest()
#22 C:\wamp\www\bnieq\index.php(13): CWebApplication->run()
REQUEST_URI=/bnieq/site/index
in C:\wamp\www\bnieq\protected\views\layouts\main.php (46)
in C:\wamp\www\bnieq\protected\views\layouts\column1.php (6)
in C:\wamp\www\bnieq\protected\controllers\SiteController.php (32)
2013/08/11 16:23:29 [error] [exception.CHttpException.404] exception 'CHttpException' with message 'The requested view "index" was not found.' in C:\wamp\www\bnieq\framework\web\actions\CViewAction.php:112
Stack trace:
#0 C:\wamp\www\bnieq\framework\web\actions\CViewAction.php(123): CViewAction->resolveView('index')
#1 C:\wamp\www\bnieq\framework\web\actions\CAction.php(76): CViewAction->run()
#2 C:\wamp\www\bnieq\framework\web\CController.php(308): CAction->runWithParams(Array)
#3 C:\wamp\www\bnieq\framework\web\CController.php(286): CController->runAction(Object(CViewAction))
#4 C:\wamp\www\bnieq\framework\web\CController.php(265): CController->runActionWithFilters(Object(CViewAction), Array)
#5 C:\wamp\www\bnieq\framework\web\CWebApplication.php(282): CController->run('page')
#6 C:\wamp\www\bnieq\framework\web\CWebApplication.php(141): CWebApplication->runController('site/page')
#7 C:\wamp\www\bnieq\framework\base\CApplication.php(169): CWebApplication->processRequest()
#8 C:\wamp\www\bnieq\index.php(13): CApplication->run()
#9 {main}
REQUEST_URI=/bnieq/site/page
HTTP_REFERER=http://localhost/bnieq/site/page?view=about
---
2013/08/11 16:23:36 [error] [exception.CHttpException.404] exception 'CHttpException' with message 'The requested view "index" was not found.' in C:\wamp\www\bnieq\framework\web\actions\CViewAction.php:112
Stack trace:
#0 C:\wamp\www\bnieq\framework\web\actions\CViewAction.php(123): CViewAction->resolveView('index')
#1 C:\wamp\www\bnieq\framework\web\actions\CAction.php(76): CViewAction->run()
#2 C:\wamp\www\bnieq\framework\web\CController.php(308): CAction->runWithParams(Array)
#3 C:\wamp\www\bnieq\framework\web\CController.php(286): CController->runAction(Object(CViewAction))
#4 C:\wamp\www\bnieq\framework\web\CController.php(265): CController->runActionWithFilters(Object(CViewAction), Array)
#5 C:\wamp\www\bnieq\framework\web\CWebApplication.php(282): CController->run('page')
#6 C:\wamp\www\bnieq\framework\web\CWebApplication.php(141): CWebApplication->runController('site/page')
#7 C:\wamp\www\bnieq\framework\base\CApplication.php(169): CWebApplication->processRequest()
#8 C:\wamp\www\bnieq\index.php(13): CApplication->run()
#9 {main}
REQUEST_URI=/bnieq/site/page
HTTP_REFERER=http://localhost/bnieq/site/page?view=about
---
2013/08/11 16:23:39 [error] [exception.CHttpException.404] exception 'CHttpException' with message 'The requested view "index" was not found.' in C:\wamp\www\bnieq\framework\web\actions\CViewAction.php:112
Stack trace:
#0 C:\wamp\www\bnieq\framework\web\actions\CViewAction.php(123): CViewAction->resolveView('index')
#1 C:\wamp\www\bnieq\framework\web\actions\CAction.php(76): CViewAction->run()
#2 C:\wamp\www\bnieq\framework\web\CController.php(308): CAction->runWithParams(Array)
#3 C:\wamp\www\bnieq\framework\web\CController.php(286): CController->runAction(Object(CViewAction))
#4 C:\wamp\www\bnieq\framework\web\CController.php(265): CController->runActionWithFilters(Object(CViewAction), Array)
#5 C:\wamp\www\bnieq\framework\web\CWebApplication.php(282): CController->run('page')
#6 C:\wamp\www\bnieq\framework\web\CWebApplication.php(141): CWebApplication->runController('site/page')
#7 C:\wamp\www\bnieq\framework\base\CApplication.php(169): CWebApplication->processRequest()
#8 C:\wamp\www\bnieq\index.php(13): CApplication->run()
#9 {main}
REQUEST_URI=/bnieq/site/page
HTTP_REFERER=http://localhost/bnieq/site/page?view=about
---
2013/08/11 16:23:41 [error] [exception.CHttpException.404] exception 'CHttpException' with message 'The requested view "index" was not found.' in C:\wamp\www\bnieq\framework\web\actions\CViewAction.php:112
Stack trace:
#0 C:\wamp\www\bnieq\framework\web\actions\CViewAction.php(123): CViewAction->resolveView('index')
#1 C:\wamp\www\bnieq\framework\web\actions\CAction.php(76): CViewAction->run()
#2 C:\wamp\www\bnieq\framework\web\CController.php(308): CAction->runWithParams(Array)
#3 C:\wamp\www\bnieq\framework\web\CController.php(286): CController->runAction(Object(CViewAction))
#4 C:\wamp\www\bnieq\framework\web\CController.php(265): CController->runActionWithFilters(Object(CViewAction), Array)
#5 C:\wamp\www\bnieq\framework\web\CWebApplication.php(282): CController->run('page')
#6 C:\wamp\www\bnieq\framework\web\CWebApplication.php(141): CWebApplication->runController('site/page')
#7 C:\wamp\www\bnieq\framework\base\CApplication.php(169): CWebApplication->processRequest()
#8 C:\wamp\www\bnieq\index.php(13): CApplication->run()
#9 {main}
REQUEST_URI=/bnieq/site/page
HTTP_REFERER=http://localhost/bnieq/site/page?view=about
---
2013/08/11 16:23:42 [error] [exception.CHttpException.404] exception 'CHttpException' with message 'The requested view "index" was not found.' in C:\wamp\www\bnieq\framework\web\actions\CViewAction.php:112
Stack trace:
#0 C:\wamp\www\bnieq\framework\web\actions\CViewAction.php(123): CViewAction->resolveView('index')
#1 C:\wamp\www\bnieq\framework\web\actions\CAction.php(76): CViewAction->run()
#2 C:\wamp\www\bnieq\framework\web\CController.php(308): CAction->runWithParams(Array)
#3 C:\wamp\www\bnieq\framework\web\CController.php(286): CController->runAction(Object(CViewAction))
#4 C:\wamp\www\bnieq\framework\web\CController.php(265): CController->runActionWithFilters(Object(CViewAction), Array)
#5 C:\wamp\www\bnieq\framework\web\CWebApplication.php(282): CController->run('page')
#6 C:\wamp\www\bnieq\framework\web\CWebApplication.php(141): CWebApplication->runController('site/page')
#7 C:\wamp\www\bnieq\framework\base\CApplication.php(169): CWebApplication->processRequest()
#8 C:\wamp\www\bnieq\index.php(13): CApplication->run()
#9 {main}
REQUEST_URI=/bnieq/site/page
HTTP_REFERER=http://localhost/bnieq/site/page?view=about
---
2013/08/11 16:24:12 [error] [exception.CHttpException.404] exception 'CHttpException' with message 'The requested view "index" was not found.' in C:\wamp\www\bnieq\framework\web\actions\CViewAction.php:112
Stack trace:
#0 C:\wamp\www\bnieq\framework\web\actions\CViewAction.php(123): CViewAction->resolveView('index')
#1 C:\wamp\www\bnieq\framework\web\actions\CAction.php(76): CViewAction->run()
#2 C:\wamp\www\bnieq\framework\web\CController.php(308): CAction->runWithParams(Array)
#3 C:\wamp\www\bnieq\framework\web\CController.php(286): CController->runAction(Object(CViewAction))
#4 C:\wamp\www\bnieq\framework\web\CController.php(265): CController->runActionWithFilters(Object(CViewAction), Array)
#5 C:\wamp\www\bnieq\framework\web\CWebApplication.php(282): CController->run('page')
#6 C:\wamp\www\bnieq\framework\web\CWebApplication.php(141): CWebApplication->runController('site/page')
#7 C:\wamp\www\bnieq\framework\base\CApplication.php(169): CWebApplication->processRequest()
#8 C:\wamp\www\bnieq\index.php(13): CApplication->run()
#9 {main}
REQUEST_URI=/bnieq/site/page
HTTP_REFERER=http://localhost/bnieq/site/page?view=about
---
2013/08/11 16:26:13 [error] [exception.CHttpException.404] exception 'CHttpException' with message 'The requested view "index" was not found.' in C:\wamp\www\bnieq\framework\web\actions\CViewAction.php:112
Stack trace:
#0 C:\wamp\www\bnieq\framework\web\actions\CViewAction.php(123): CViewAction->resolveView('index')
#1 C:\wamp\www\bnieq\framework\web\actions\CAction.php(76): CViewAction->run()
#2 C:\wamp\www\bnieq\framework\web\CController.php(308): CAction->runWithParams(Array)
#3 C:\wamp\www\bnieq\framework\web\CController.php(286): CController->runAction(Object(CViewAction))
#4 C:\wamp\www\bnieq\framework\web\CController.php(265): CController->runActionWithFilters(Object(CViewAction), Array)
#5 C:\wamp\www\bnieq\framework\web\CWebApplication.php(282): CController->run('page')
#6 C:\wamp\www\bnieq\framework\web\CWebApplication.php(141): CWebApplication->runController('site/page')
#7 C:\wamp\www\bnieq\framework\base\CApplication.php(169): CWebApplication->processRequest()
#8 C:\wamp\www\bnieq\index.php(13): CApplication->run()
#9 {main}
REQUEST_URI=/bnieq/site/page
HTTP_REFERER=http://localhost/bnieq/site/page?view=howitworks
---
2013/08/11 16:26:21 [error] [exception.CHttpException.404] exception 'CHttpException' with message 'The requested view "index" was not found.' in C:\wamp\www\bnieq\framework\web\actions\CViewAction.php:112
Stack trace:
#0 C:\wamp\www\bnieq\framework\web\actions\CViewAction.php(123): CViewAction->resolveView('index')
#1 C:\wamp\www\bnieq\framework\web\actions\CAction.php(76): CViewAction->run()
#2 C:\wamp\www\bnieq\framework\web\CController.php(308): CAction->runWithParams(Array)
#3 C:\wamp\www\bnieq\framework\web\CController.php(286): CController->runAction(Object(CViewAction))
#4 C:\wamp\www\bnieq\framework\web\CController.php(265): CController->runActionWithFilters(Object(CViewAction), Array)
#5 C:\wamp\www\bnieq\framework\web\CWebApplication.php(282): CController->run('page')
#6 C:\wamp\www\bnieq\framework\web\CWebApplication.php(141): CWebApplication->runController('site/page')
#7 C:\wamp\www\bnieq\framework\base\CApplication.php(169): CWebApplication->processRequest()
#8 C:\wamp\www\bnieq\index.php(13): CApplication->run()
#9 {main}
REQUEST_URI=/bnieq/site/page
HTTP_REFERER=http://localhost/bnieq/site/page?view=howitworks
---
2013/08/11 16:26:26 [error] [exception.CHttpException.404] exception 'CHttpException' with message 'The requested view "index" was not found.' in C:\wamp\www\bnieq\framework\web\actions\CViewAction.php:112
Stack trace:
#0 C:\wamp\www\bnieq\framework\web\actions\CViewAction.php(123): CViewAction->resolveView('index')
#1 C:\wamp\www\bnieq\framework\web\actions\CAction.php(76): CViewAction->run()
#2 C:\wamp\www\bnieq\framework\web\CController.php(308): CAction->runWithParams(Array)
#3 C:\wamp\www\bnieq\framework\web\CController.php(286): CController->runAction(Object(CViewAction))
#4 C:\wamp\www\bnieq\framework\web\CController.php(265): CController->runActionWithFilters(Object(CViewAction), Array)
#5 C:\wamp\www\bnieq\framework\web\CWebApplication.php(282): CController->run('page')
#6 C:\wamp\www\bnieq\framework\web\CWebApplication.php(141): CWebApplication->runController('site/page')
#7 C:\wamp\www\bnieq\framework\base\CApplication.php(169): CWebApplication->processRequest()
#8 C:\wamp\www\bnieq\index.php(13): CApplication->run()
#9 {main}
REQUEST_URI=/bnieq/site/page
HTTP_REFERER=http://localhost/bnieq/site/page?view=getinvestment
---
2013/08/11 16:26:28 [error] [exception.CHttpException.404] exception 'CHttpException' with message 'The requested view "index" was not found.' in C:\wamp\www\bnieq\framework\web\actions\CViewAction.php:112
Stack trace:
#0 C:\wamp\www\bnieq\framework\web\actions\CViewAction.php(123): CViewAction->resolveView('index')
#1 C:\wamp\www\bnieq\framework\web\actions\CAction.php(76): CViewAction->run()
#2 C:\wamp\www\bnieq\framework\web\CController.php(308): CAction->runWithParams(Array)
#3 C:\wamp\www\bnieq\framework\web\CController.php(286): CController->runAction(Object(CViewAction))
#4 C:\wamp\www\bnieq\framework\web\CController.php(265): CController->runActionWithFilters(Object(CViewAction), Array)
#5 C:\wamp\www\bnieq\framework\web\CWebApplication.php(282): CController->run('page')
#6 C:\wamp\www\bnieq\framework\web\CWebApplication.php(141): CWebApplication->runController('site/page')
#7 C:\wamp\www\bnieq\framework\base\CApplication.php(169): CWebApplication->processRequest()
#8 C:\wamp\www\bnieq\index.php(13): CApplication->run()
#9 {main}
REQUEST_URI=/bnieq/site/page
HTTP_REFERER=http://localhost/bnieq/site/page?view=getinvestment
---
2013/08/11 16:26:40 [error] [exception.CHttpException.404] exception 'CHttpException' with message 'The requested view "index" was not found.' in C:\wamp\www\bnieq\framework\web\actions\CViewAction.php:112
Stack trace:
#0 C:\wamp\www\bnieq\framework\web\actions\CViewAction.php(123): CViewAction->resolveView('index')
#1 C:\wamp\www\bnieq\framework\web\actions\CAction.php(76): CViewAction->run()
#2 C:\wamp\www\bnieq\framework\web\CController.php(308): CAction->runWithParams(Array)
#3 C:\wamp\www\bnieq\framework\web\CController.php(286): CController->runAction(Object(CViewAction))
#4 C:\wamp\www\bnieq\framework\web\CController.php(265): CController->runActionWithFilters(Object(CViewAction), Array)
#5 C:\wamp\www\bnieq\framework\web\CWebApplication.php(282): CController->run('page')
#6 C:\wamp\www\bnieq\framework\web\CWebApplication.php(141): CWebApplication->runController('site/page')
#7 C:\wamp\www\bnieq\framework\base\CApplication.php(169): CWebApplication->processRequest()
#8 C:\wamp\www\bnieq\index.php(13): CApplication->run()
#9 {main}
REQUEST_URI=/bnieq/site/page
HTTP_REFERER=http://localhost/bnieq/site/page?view=getinvestment
---
2013/08/11 16:26:48 [error] [exception.CHttpException.404] exception 'CHttpException' with message 'The requested view "index" was not found.' in C:\wamp\www\bnieq\framework\web\actions\CViewAction.php:112
Stack trace:
#0 C:\wamp\www\bnieq\framework\web\actions\CViewAction.php(123): CViewAction->resolveView('index')
#1 C:\wamp\www\bnieq\framework\web\actions\CAction.php(76): CViewAction->run()
#2 C:\wamp\www\bnieq\framework\web\CController.php(308): CAction->runWithParams(Array)
#3 C:\wamp\www\bnieq\framework\web\CController.php(286): CController->runAction(Object(CViewAction))
#4 C:\wamp\www\bnieq\framework\web\CController.php(265): CController->runActionWithFilters(Object(CViewAction), Array)
#5 C:\wamp\www\bnieq\framework\web\CWebApplication.php(282): CController->run('page')
#6 C:\wamp\www\bnieq\framework\web\CWebApplication.php(141): CWebApplication->runController('site/page')
#7 C:\wamp\www\bnieq\framework\base\CApplication.php(169): CWebApplication->processRequest()
#8 C:\wamp\www\bnieq\index.php(13): CApplication->run()
#9 {main}
REQUEST_URI=/bnieq/site/page
HTTP_REFERER=http://localhost/bnieq/site/page?view=getinvestment
---
2013/08/11 16:26:52 [error] [exception.CHttpException.404] exception 'CHttpException' with message 'The requested view "index" was not found.' in C:\wamp\www\bnieq\framework\web\actions\CViewAction.php:112
Stack trace:
#0 C:\wamp\www\bnieq\framework\web\actions\CViewAction.php(123): CViewAction->resolveView('index')
#1 C:\wamp\www\bnieq\framework\web\actions\CAction.php(76): CViewAction->run()
#2 C:\wamp\www\bnieq\framework\web\CController.php(308): CAction->runWithParams(Array)
#3 C:\wamp\www\bnieq\framework\web\CController.php(286): CController->runAction(Object(CViewAction))
#4 C:\wamp\www\bnieq\framework\web\CController.php(265): CController->runActionWithFilters(Object(CViewAction), Array)
#5 C:\wamp\www\bnieq\framework\web\CWebApplication.php(282): CController->run('page')
#6 C:\wamp\www\bnieq\framework\web\CWebApplication.php(141): CWebApplication->runController('site/page')
#7 C:\wamp\www\bnieq\framework\base\CApplication.php(169): CWebApplication->processRequest()
#8 C:\wamp\www\bnieq\index.php(13): CApplication->run()
#9 {main}
REQUEST_URI=/bnieq/site/page
HTTP_REFERER=http://localhost/bnieq/site/page?view=getinvestment
---
2013/08/11 23:22:48 [error] [system.db.CDbCommand] Error in preparing SQL: CREATE TABLE 'user' (
	"id" integer PRIMARY KEY AUTOINCREMENT NOT NULL,
	"first_name" varchar(255) NOT NULL,
	"last_name" varchar(255) NOT NULL,
	"username" varchar(255) NOT NULL,
	"email" varchar(255) NOT NULL,
	"password" varchar(255) NOT NULL,
	"birthday" date DEFAULT NULL,
	"telephone" varchar(255) DEFAULT NULL,
	"skype" varchar(255) DEFAULT NULL,
	"resume" text,
	"city" varchar(255) DEFAULT NULL,
	"facebook" varchar(255) DEFAULT NULL,
	"linkedin" varchar(255) DEFAULT NULL,
	"twitter" varchar(255) DEFAULT NULL,
	"experiences" text,
	"interests" text,
	"followers" int(11) DEFAULT NULL,
	"investor_profile" tinyint(1) DEFAULT NULL,
	"last_login_time" datetime DEFAULT NULL,
	"create_time" datetime DEFAULT NULL,
	"update_time" datetime DEFAULT NULL
) ENGINE=InnoDB
2013/08/11 23:22:48 [error] [system.db.CDbCommand] CDbCommand::execute() failed: CDbCommand failed to prepare the SQL statement: SQLSTATE[HY000]: General error: 1 near "ENGINE": syntax error. The SQL statement executed was: CREATE TABLE 'user' (
	"id" integer PRIMARY KEY AUTOINCREMENT NOT NULL,
	"first_name" varchar(255) NOT NULL,
	"last_name" varchar(255) NOT NULL,
	"username" varchar(255) NOT NULL,
	"email" varchar(255) NOT NULL,
	"password" varchar(255) NOT NULL,
	"birthday" date DEFAULT NULL,
	"telephone" varchar(255) DEFAULT NULL,
	"skype" varchar(255) DEFAULT NULL,
	"resume" text,
	"city" varchar(255) DEFAULT NULL,
	"facebook" varchar(255) DEFAULT NULL,
	"linkedin" varchar(255) DEFAULT NULL,
	"twitter" varchar(255) DEFAULT NULL,
	"experiences" text,
	"interests" text,
	"followers" int(11) DEFAULT NULL,
	"investor_profile" tinyint(1) DEFAULT NULL,
	"last_login_time" datetime DEFAULT NULL,
	"create_time" datetime DEFAULT NULL,
	"update_time" datetime DEFAULT NULL
) ENGINE=InnoDB.
2013/08/11 23:22:48 [error] [exception.CDbException] exception 'CDbException' with message 'CDbCommand failed to execute the SQL statement: CDbCommand failed to prepare the SQL statement: SQLSTATE[HY000]: General error: 1 near "ENGINE": syntax error. The SQL statement executed was: CREATE TABLE 'user' (
	"id" integer PRIMARY KEY AUTOINCREMENT NOT NULL,
	"first_name" varchar(255) NOT NULL,
	"last_name" varchar(255) NOT NULL,
	"username" varchar(255) NOT NULL,
	"email" varchar(255) NOT NULL,
	"password" varchar(255) NOT NULL,
	"birthday" date DEFAULT NULL,
	"telephone" varchar(255) DEFAULT NULL,
	"skype" varchar(255) DEFAULT NULL,
	"resume" text,
	"city" varchar(255) DEFAULT NULL,
	"facebook" varchar(255) DEFAULT NULL,
	"linkedin" varchar(255) DEFAULT NULL,
	"twitter" varchar(255) DEFAULT NULL,
	"experiences" text,
	"interests" text,
	"followers" int(11) DEFAULT NULL,
	"investor_profile" tinyint(1) DEFAULT NULL,
	"last_login_time" datetime DEFAULT NULL,
	"create_time" datetime DEFAULT NULL,
	"update_time" datetime DEFAULT NULL
) ENGINE=InnoDB' in C:\wamp\www\bnieq\framework\db\CDbCommand.php:357
Stack trace:
#0 C:\wamp\www\bnieq\framework\db\CDbCommand.php(1321): CDbCommand->execute()
#1 C:\wamp\www\bnieq\framework\db\CDbMigration.php(228): CDbCommand->createTable('user', Array, 'ENGINE=InnoDB')
#2 C:\wamp\www\bnieq\protected\migrations\m130811_160642_create_user_table.php(29): CDbMigration->createTable('user', Array, 'ENGINE=InnoDB')
#3 C:\wamp\www\bnieq\framework\cli\commands\MigrateCommand.php(385): m130811_160642_create_user_table->up()
#4 C:\wamp\www\bnieq\framework\cli\commands\MigrateCommand.php(109): MigrateCommand->migrateUp('m130811_160642_...')
#5 [internal function]: MigrateCommand->actionUp(Array)
#6 C:\wamp\www\bnieq\framework\console\CConsoleCommand.php(172): ReflectionMethod->invokeArgs(Object(MigrateCommand), Array)
#7 C:\wamp\www\bnieq\framework\console\CConsoleCommandRunner.php(67): CConsoleCommand->run(Array)
#8 C:\wamp\www\bnieq\framework\console\CConsoleApplication.php(91): CConsoleCommandRunner->run(Array)
#9 C:\wamp\www\bnieq\framework\base\CApplication.php(169): CConsoleApplication->processRequest()
#10 C:\wamp\www\bnieq\framework\yiic.php(33): CApplication->run()
#11 C:\wamp\www\bnieq\protected\yiic.php(7): require_once('C:\wamp\www\bni...')
#12 {main}
---
2013/08/11 23:25:45 [error] [system.db.CDbCommand] Error in preparing SQL: CREATE TABLE 'user' (
	"id" integer PRIMARY KEY AUTOINCREMENT NOT NULL,
	"first_name" varchar(255) NOT NULL,
	"last_name" varchar(255) NOT NULL,
	"username" varchar(255) NOT NULL,
	"email" varchar(255) NOT NULL,
	"password" varchar(255) NOT NULL,
	"birthday" date DEFAULT NULL,
	"telephone" varchar(255) DEFAULT NULL,
	"skype" varchar(255) DEFAULT NULL,
	"resume" text,
	"city" varchar(255) DEFAULT NULL,
	"facebook" varchar(255) DEFAULT NULL,
	"linkedin" varchar(255) DEFAULT NULL,
	"twitter" varchar(255) DEFAULT NULL,
	"experiences" text,
	"interests" text,
	"followers" int(11) DEFAULT NULL,
	"investor_profile" tinyint(1) DEFAULT NULL,
	"last_login_time" datetime DEFAULT NULL,
	"create_time" datetime DEFAULT NULL,
	"update_time" datetime DEFAULT NULL
) ENGINE=InnoDB
2013/08/11 23:25:45 [error] [system.db.CDbCommand] CDbCommand::execute() failed: CDbCommand failed to prepare the SQL statement: SQLSTATE[HY000]: General error: 1 near "ENGINE": syntax error. The SQL statement executed was: CREATE TABLE 'user' (
	"id" integer PRIMARY KEY AUTOINCREMENT NOT NULL,
	"first_name" varchar(255) NOT NULL,
	"last_name" varchar(255) NOT NULL,
	"username" varchar(255) NOT NULL,
	"email" varchar(255) NOT NULL,
	"password" varchar(255) NOT NULL,
	"birthday" date DEFAULT NULL,
	"telephone" varchar(255) DEFAULT NULL,
	"skype" varchar(255) DEFAULT NULL,
	"resume" text,
	"city" varchar(255) DEFAULT NULL,
	"facebook" varchar(255) DEFAULT NULL,
	"linkedin" varchar(255) DEFAULT NULL,
	"twitter" varchar(255) DEFAULT NULL,
	"experiences" text,
	"interests" text,
	"followers" int(11) DEFAULT NULL,
	"investor_profile" tinyint(1) DEFAULT NULL,
	"last_login_time" datetime DEFAULT NULL,
	"create_time" datetime DEFAULT NULL,
	"update_time" datetime DEFAULT NULL
) ENGINE=InnoDB.
2013/08/11 23:25:45 [error] [exception.CDbException] exception 'CDbException' with message 'CDbCommand failed to execute the SQL statement: CDbCommand failed to prepare the SQL statement: SQLSTATE[HY000]: General error: 1 near "ENGINE": syntax error. The SQL statement executed was: CREATE TABLE 'user' (
	"id" integer PRIMARY KEY AUTOINCREMENT NOT NULL,
	"first_name" varchar(255) NOT NULL,
	"last_name" varchar(255) NOT NULL,
	"username" varchar(255) NOT NULL,
	"email" varchar(255) NOT NULL,
	"password" varchar(255) NOT NULL,
	"birthday" date DEFAULT NULL,
	"telephone" varchar(255) DEFAULT NULL,
	"skype" varchar(255) DEFAULT NULL,
	"resume" text,
	"city" varchar(255) DEFAULT NULL,
	"facebook" varchar(255) DEFAULT NULL,
	"linkedin" varchar(255) DEFAULT NULL,
	"twitter" varchar(255) DEFAULT NULL,
	"experiences" text,
	"interests" text,
	"followers" int(11) DEFAULT NULL,
	"investor_profile" tinyint(1) DEFAULT NULL,
	"last_login_time" datetime DEFAULT NULL,
	"create_time" datetime DEFAULT NULL,
	"update_time" datetime DEFAULT NULL
) ENGINE=InnoDB' in C:\wamp\www\bnieq\framework\db\CDbCommand.php:357
Stack trace:
#0 C:\wamp\www\bnieq\framework\db\CDbCommand.php(1321): CDbCommand->execute()
#1 C:\wamp\www\bnieq\framework\db\CDbMigration.php(228): CDbCommand->createTable('user', Array, 'ENGINE=InnoDB')
#2 C:\wamp\www\bnieq\protected\migrations\m130811_160642_create_user_table.php(29): CDbMigration->createTable('user', Array, 'ENGINE=InnoDB')
#3 C:\wamp\www\bnieq\framework\cli\commands\MigrateCommand.php(385): m130811_160642_create_user_table->up()
#4 C:\wamp\www\bnieq\framework\cli\commands\MigrateCommand.php(109): MigrateCommand->migrateUp('m130811_160642_...')
#5 [internal function]: MigrateCommand->actionUp(Array)
#6 C:\wamp\www\bnieq\framework\console\CConsoleCommand.php(172): ReflectionMethod->invokeArgs(Object(MigrateCommand), Array)
#7 C:\wamp\www\bnieq\framework\console\CConsoleCommandRunner.php(67): CConsoleCommand->run(Array)
#8 C:\wamp\www\bnieq\framework\console\CConsoleApplication.php(91): CConsoleCommandRunner->run(Array)
#9 C:\wamp\www\bnieq\framework\base\CApplication.php(169): CConsoleApplication->processRequest()
#10 C:\wamp\www\bnieq\framework\yiic.php(33): CApplication->run()
#11 C:\wamp\www\bnieq\protected\yiic.php(7): require_once('C:\wamp\www\bni...')
#12 {main}
---
2013/08/11 23:32:10 [error] [system.db.CDbCommand] Error in preparing SQL: CREATE TABLE 'user' (
	"id" integer PRIMARY KEY AUTOINCREMENT NOT NULL,
	"first_name" varchar(255) NOT NULL,
	"last_name" varchar(255) NOT NULL,
	"username" varchar(255) NOT NULL,
	"email" varchar(255) NOT NULL,
	"password" varchar(255) NOT NULL,
	"birthday" date DEFAULT NULL,
	"telephone" varchar(255) DEFAULT NULL,
	"skype" varchar(255) DEFAULT NULL,
	"resume" text,
	"city" varchar(255) DEFAULT NULL,
	"facebook" varchar(255) DEFAULT NULL,
	"linkedin" varchar(255) DEFAULT NULL,
	"twitter" varchar(255) DEFAULT NULL,
	"experiences" text,
	"interests" text,
	"followers" int(11) DEFAULT NULL,
	"investor_profile" tinyint(1) DEFAULT NULL,
	"last_login_time" datetime DEFAULT NULL,
	"create_time" datetime DEFAULT NULL,
	"update_time" datetime DEFAULT NULL
) ENGINE=InnoDB
2013/08/11 23:32:10 [error] [system.db.CDbCommand] CDbCommand::execute() failed: CDbCommand failed to prepare the SQL statement: SQLSTATE[HY000]: General error: 1 near "ENGINE": syntax error. The SQL statement executed was: CREATE TABLE 'user' (
	"id" integer PRIMARY KEY AUTOINCREMENT NOT NULL,
	"first_name" varchar(255) NOT NULL,
	"last_name" varchar(255) NOT NULL,
	"username" varchar(255) NOT NULL,
	"email" varchar(255) NOT NULL,
	"password" varchar(255) NOT NULL,
	"birthday" date DEFAULT NULL,
	"telephone" varchar(255) DEFAULT NULL,
	"skype" varchar(255) DEFAULT NULL,
	"resume" text,
	"city" varchar(255) DEFAULT NULL,
	"facebook" varchar(255) DEFAULT NULL,
	"linkedin" varchar(255) DEFAULT NULL,
	"twitter" varchar(255) DEFAULT NULL,
	"experiences" text,
	"interests" text,
	"followers" int(11) DEFAULT NULL,
	"investor_profile" tinyint(1) DEFAULT NULL,
	"last_login_time" datetime DEFAULT NULL,
	"create_time" datetime DEFAULT NULL,
	"update_time" datetime DEFAULT NULL
) ENGINE=InnoDB.
2013/08/11 23:32:10 [error] [exception.CDbException] exception 'CDbException' with message 'CDbCommand failed to execute the SQL statement: CDbCommand failed to prepare the SQL statement: SQLSTATE[HY000]: General error: 1 near "ENGINE": syntax error. The SQL statement executed was: CREATE TABLE 'user' (
	"id" integer PRIMARY KEY AUTOINCREMENT NOT NULL,
	"first_name" varchar(255) NOT NULL,
	"last_name" varchar(255) NOT NULL,
	"username" varchar(255) NOT NULL,
	"email" varchar(255) NOT NULL,
	"password" varchar(255) NOT NULL,
	"birthday" date DEFAULT NULL,
	"telephone" varchar(255) DEFAULT NULL,
	"skype" varchar(255) DEFAULT NULL,
	"resume" text,
	"city" varchar(255) DEFAULT NULL,
	"facebook" varchar(255) DEFAULT NULL,
	"linkedin" varchar(255) DEFAULT NULL,
	"twitter" varchar(255) DEFAULT NULL,
	"experiences" text,
	"interests" text,
	"followers" int(11) DEFAULT NULL,
	"investor_profile" tinyint(1) DEFAULT NULL,
	"last_login_time" datetime DEFAULT NULL,
	"create_time" datetime DEFAULT NULL,
	"update_time" datetime DEFAULT NULL
) ENGINE=InnoDB' in C:\wamp\www\bnieq\framework\db\CDbCommand.php:357
Stack trace:
#0 C:\wamp\www\bnieq\framework\db\CDbCommand.php(1321): CDbCommand->execute()
#1 C:\wamp\www\bnieq\framework\db\CDbMigration.php(228): CDbCommand->createTable('user', Array, 'ENGINE=InnoDB')
#2 C:\wamp\www\bnieq\protected\migrations\m130811_160642_create_user_table.php(29): CDbMigration->createTable('user', Array, 'ENGINE=InnoDB')
#3 C:\wamp\www\bnieq\framework\cli\commands\MigrateCommand.php(385): m130811_160642_create_user_table->up()
#4 C:\wamp\www\bnieq\framework\cli\commands\MigrateCommand.php(109): MigrateCommand->migrateUp('m130811_160642_...')
#5 [internal function]: MigrateCommand->actionUp(Array)
#6 C:\wamp\www\bnieq\framework\console\CConsoleCommand.php(172): ReflectionMethod->invokeArgs(Object(MigrateCommand), Array)
#7 C:\wamp\www\bnieq\framework\console\CConsoleCommandRunner.php(67): CConsoleCommand->run(Array)
#8 C:\wamp\www\bnieq\framework\console\CConsoleApplication.php(91): CConsoleCommandRunner->run(Array)
#9 C:\wamp\www\bnieq\framework\base\CApplication.php(169): CConsoleApplication->processRequest()
#10 C:\wamp\www\bnieq\framework\yiic.php(33): CApplication->run()
#11 C:\wamp\www\bnieq\protected\yiic.php(7): require_once('C:\wamp\www\bni...')
#12 {main}
---
2013/08/11 23:37:54 [error] [system.db.CDbCommand] Error in preparing SQL: CREATE TABLE 'tbl_user' (
	"id" integer PRIMARY KEY AUTOINCREMENT NOT NULL,
	"first_name" varchar(255) NOT NULL,
	"last_name" varchar(255) NOT NULL,
	"username" varchar(255) NOT NULL,
	"email" varchar(255) NOT NULL,
	"password" varchar(255) NOT NULL,
	"birthday" date DEFAULT NULL,
	"telephone" varchar(255) DEFAULT NULL,
	"skype" varchar(255) DEFAULT NULL,
	"resume" text,
	"city" varchar(255) DEFAULT NULL,
	"facebook" varchar(255) DEFAULT NULL,
	"linkedin" varchar(255) DEFAULT NULL,
	"twitter" varchar(255) DEFAULT NULL,
	"experiences" text,
	"interests" text,
	"followers" int(11) DEFAULT NULL,
	"investor_profile" tinyint(1) DEFAULT NULL,
	"last_login_time" datetime DEFAULT NULL,
	"create_time" datetime DEFAULT NULL,
	"update_time" datetime DEFAULT NULL
) ENGINE=InnoDB
2013/08/11 23:37:54 [error] [system.db.CDbCommand] CDbCommand::execute() failed: CDbCommand failed to prepare the SQL statement: SQLSTATE[HY000]: General error: 1 table 'tbl_user' already exists. The SQL statement executed was: CREATE TABLE 'tbl_user' (
	"id" integer PRIMARY KEY AUTOINCREMENT NOT NULL,
	"first_name" varchar(255) NOT NULL,
	"last_name" varchar(255) NOT NULL,
	"username" varchar(255) NOT NULL,
	"email" varchar(255) NOT NULL,
	"password" varchar(255) NOT NULL,
	"birthday" date DEFAULT NULL,
	"telephone" varchar(255) DEFAULT NULL,
	"skype" varchar(255) DEFAULT NULL,
	"resume" text,
	"city" varchar(255) DEFAULT NULL,
	"facebook" varchar(255) DEFAULT NULL,
	"linkedin" varchar(255) DEFAULT NULL,
	"twitter" varchar(255) DEFAULT NULL,
	"experiences" text,
	"interests" text,
	"followers" int(11) DEFAULT NULL,
	"investor_profile" tinyint(1) DEFAULT NULL,
	"last_login_time" datetime DEFAULT NULL,
	"create_time" datetime DEFAULT NULL,
	"update_time" datetime DEFAULT NULL
) ENGINE=InnoDB.
2013/08/11 23:37:54 [error] [exception.CDbException] exception 'CDbException' with message 'CDbCommand failed to execute the SQL statement: CDbCommand failed to prepare the SQL statement: SQLSTATE[HY000]: General error: 1 table 'tbl_user' already exists. The SQL statement executed was: CREATE TABLE 'tbl_user' (
	"id" integer PRIMARY KEY AUTOINCREMENT NOT NULL,
	"first_name" varchar(255) NOT NULL,
	"last_name" varchar(255) NOT NULL,
	"username" varchar(255) NOT NULL,
	"email" varchar(255) NOT NULL,
	"password" varchar(255) NOT NULL,
	"birthday" date DEFAULT NULL,
	"telephone" varchar(255) DEFAULT NULL,
	"skype" varchar(255) DEFAULT NULL,
	"resume" text,
	"city" varchar(255) DEFAULT NULL,
	"facebook" varchar(255) DEFAULT NULL,
	"linkedin" varchar(255) DEFAULT NULL,
	"twitter" varchar(255) DEFAULT NULL,
	"experiences" text,
	"interests" text,
	"followers" int(11) DEFAULT NULL,
	"investor_profile" tinyint(1) DEFAULT NULL,
	"last_login_time" datetime DEFAULT NULL,
	"create_time" datetime DEFAULT NULL,
	"update_time" datetime DEFAULT NULL
) ENGINE=InnoDB' in C:\wamp\www\bnieq\framework\db\CDbCommand.php:357
Stack trace:
#0 C:\wamp\www\bnieq\framework\db\CDbCommand.php(1321): CDbCommand->execute()
#1 C:\wamp\www\bnieq\framework\db\CDbMigration.php(228): CDbCommand->createTable('tbl_user', Array, 'ENGINE=InnoDB')
#2 C:\wamp\www\bnieq\protected\migrations\m130811_160642_create_user_table.php(29): CDbMigration->createTable('tbl_user', Array, 'ENGINE=InnoDB')
#3 C:\wamp\www\bnieq\framework\cli\commands\MigrateCommand.php(385): m130811_160642_create_user_table->up()
#4 C:\wamp\www\bnieq\framework\cli\commands\MigrateCommand.php(109): MigrateCommand->migrateUp('m130811_160642_...')
#5 [internal function]: MigrateCommand->actionUp(Array)
#6 C:\wamp\www\bnieq\framework\console\CConsoleCommand.php(172): ReflectionMethod->invokeArgs(Object(MigrateCommand), Array)
#7 C:\wamp\www\bnieq\framework\console\CConsoleCommandRunner.php(67): CConsoleCommand->run(Array)
#8 C:\wamp\www\bnieq\framework\console\CConsoleApplication.php(91): CConsoleCommandRunner->run(Array)
#9 C:\wamp\www\bnieq\framework\base\CApplication.php(169): CConsoleApplication->processRequest()
#10 C:\wamp\www\bnieq\framework\yiic.php(33): CApplication->run()
#11 C:\wamp\www\bnieq\protected\yiic.php(7): require_once('C:\wamp\www\bni...')
#12 {main}
---
2013/08/12 00:04:06 [error] [system.db.CDbCommand] CDbCommand::fetchAll() failed: SQLSTATE[42S02]: Base table or view not found: 1146 Table 'bnieq.tbl_migration' doesn't exist. The SQL statement executed was: SHOW FULL COLUMNS FROM `tbl_migration`.
2013/08/15 19:41:38 [error] [exception.CHttpException.404] exception 'CHttpException' with message 'The system is unable to find the requested action "user".' in C:\wamp\www\bnieq\framework\web\CController.php:483
Stack trace:
#0 C:\wamp\www\bnieq\framework\web\CController.php(270): CController->missingAction('user')
#1 C:\wamp\www\bnieq\framework\web\CWebApplication.php(282): CController->run('user')
#2 C:\wamp\www\bnieq\framework\web\CWebApplication.php(141): CWebApplication->runController('site/user')
#3 C:\wamp\www\bnieq\framework\base\CApplication.php(169): CWebApplication->processRequest()
#4 C:\wamp\www\bnieq\index.php(13): CApplication->run()
#5 {main}
REQUEST_URI=/bnieq/site/user
---
2013/08/15 19:41:50 [error] [exception.CHttpException.404] exception 'CHttpException' with message 'The system is unable to find the requested action "user".' in C:\wamp\www\bnieq\framework\web\CController.php:483
Stack trace:
#0 C:\wamp\www\bnieq\framework\web\CController.php(270): CController->missingAction('user')
#1 C:\wamp\www\bnieq\framework\web\CWebApplication.php(282): CController->run('user')
#2 C:\wamp\www\bnieq\framework\web\CWebApplication.php(141): CWebApplication->runController('site/user/insta...')
#3 C:\wamp\www\bnieq\framework\base\CApplication.php(169): CWebApplication->processRequest()
#4 C:\wamp\www\bnieq\index.php(13): CApplication->run()
#5 {main}
REQUEST_URI=/bnieq/site/user/install
---
2013/08/15 19:41:54 [error] [exception.CHttpException.404] exception 'CHttpException' with message 'The system is unable to find the requested action "user".' in C:\wamp\www\bnieq\framework\web\CController.php:483
Stack trace:
#0 C:\wamp\www\bnieq\framework\web\CController.php(270): CController->missingAction('user')
#1 C:\wamp\www\bnieq\framework\web\CWebApplication.php(282): CController->run('user')
#2 C:\wamp\www\bnieq\framework\web\CWebApplication.php(141): CWebApplication->runController('site/user/insta...')
#3 C:\wamp\www\bnieq\framework\base\CApplication.php(169): CWebApplication->processRequest()
#4 C:\wamp\www\bnieq\index.php(13): CApplication->run()
#5 {main}
REQUEST_URI=/bnieq/site/user/install
---
2013/08/15 19:41:54 [error] [exception.CHttpException.404] exception 'CHttpException' with message 'The system is unable to find the requested action "user".' in C:\wamp\www\bnieq\framework\web\CController.php:483
Stack trace:
#0 C:\wamp\www\bnieq\framework\web\CController.php(270): CController->missingAction('user')
#1 C:\wamp\www\bnieq\framework\web\CWebApplication.php(282): CController->run('user')
#2 C:\wamp\www\bnieq\framework\web\CWebApplication.php(141): CWebApplication->runController('site/user/insta...')
#3 C:\wamp\www\bnieq\framework\base\CApplication.php(169): CWebApplication->processRequest()
#4 C:\wamp\www\bnieq\index.php(13): CApplication->run()
#5 {main}
REQUEST_URI=/bnieq/site/user/install
---
2013/08/15 19:41:56 [error] [exception.CHttpException.404] exception 'CHttpException' with message 'The system is unable to find the requested action "user".' in C:\wamp\www\bnieq\framework\web\CController.php:483
Stack trace:
#0 C:\wamp\www\bnieq\framework\web\CController.php(270): CController->missingAction('user')
#1 C:\wamp\www\bnieq\framework\web\CWebApplication.php(282): CController->run('user')
#2 C:\wamp\www\bnieq\framework\web\CWebApplication.php(141): CWebApplication->runController('site/user/insta...')
#3 C:\wamp\www\bnieq\framework\base\CApplication.php(169): CWebApplication->processRequest()
#4 C:\wamp\www\bnieq\index.php(13): CApplication->run()
#5 {main}
REQUEST_URI=/bnieq/site/user/install
---
2013/08/15 19:42:01 [error] [exception.CHttpException.500] exception 'CHttpException' with message 'Please set a table prefix, at least '', to your db configuration for yii-user-management to work.' in C:\wamp\www\bnieq\protected\modules\user\controllers\YumInstallController.php:44
Stack trace:
#0 C:\wamp\www\bnieq\framework\web\actions\CInlineAction.php(49): YumInstallController->actionInstall()
#1 C:\wamp\www\bnieq\framework\web\CController.php(308): CInlineAction->runWithParams(Array)
#2 C:\wamp\www\bnieq\framework\web\filters\CFilterChain.php(133): CController->runAction(Object(CInlineAction))
#3 C:\wamp\www\bnieq\framework\web\filters\CFilter.php(40): CFilterChain->run()
#4 C:\wamp\www\bnieq\framework\web\CController.php(1145): CFilter->filter(Object(CFilterChain))
#5 C:\wamp\www\bnieq\framework\web\filters\CInlineFilter.php(58): CController->filterAccessControl(Object(CFilterChain))
#6 C:\wamp\www\bnieq\framework\web\filters\CFilterChain.php(130): CInlineFilter->filter(Object(CFilterChain))
#7 C:\wamp\www\bnieq\framework\web\CController.php(291): CFilterChain->run()
#8 C:\wamp\www\bnieq\framework\web\CController.php(265): CController->runActionWithFilters(Object(CInlineAction), Array)
#9 C:\wamp\www\bnieq\framework\web\CWebApplication.php(282): CController->run('')
#10 C:\wamp\www\bnieq\framework\web\CWebApplication.php(141): CWebApplication->runController('user/install')
#11 C:\wamp\www\bnieq\framework\base\CApplication.php(169): CWebApplication->processRequest()
#12 C:\wamp\www\bnieq\index.php(13): CApplication->run()
#13 {main}
REQUEST_URI=/bnieq/user/install
---
2013/08/15 19:42:11 [error] [exception.CHttpException.404] exception 'CHttpException' with message 'The system is unable to find the requested action "user".' in C:\wamp\www\bnieq\framework\web\CController.php:483
Stack trace:
#0 C:\wamp\www\bnieq\framework\web\CController.php(270): CController->missingAction('user')
#1 C:\wamp\www\bnieq\framework\web\CWebApplication.php(282): CController->run('user')
#2 C:\wamp\www\bnieq\framework\web\CWebApplication.php(141): CWebApplication->runController('site/user/insta...')
#3 C:\wamp\www\bnieq\framework\base\CApplication.php(169): CWebApplication->processRequest()
#4 C:\wamp\www\bnieq\index.php(13): CApplication->run()
#5 {main}
REQUEST_URI=/bnieq/site/user/install
---
2013/08/15 19:42:59 [error] [exception.CHttpException.404] exception 'CHttpException' with message 'The system is unable to find the requested action "user".' in C:\wamp\www\bnieq\framework\web\CController.php:483
Stack trace:
#0 C:\wamp\www\bnieq\framework\web\CController.php(270): CController->missingAction('user')
#1 C:\wamp\www\bnieq\framework\web\CWebApplication.php(282): CController->run('user')
#2 C:\wamp\www\bnieq\framework\web\CWebApplication.php(141): CWebApplication->runController('site/user/insta...')
#3 C:\wamp\www\bnieq\framework\base\CApplication.php(169): CWebApplication->processRequest()
#4 C:\wamp\www\bnieq\index.php(13): CApplication->run()
#5 {main}
REQUEST_URI=/bnieq/site/user/install
---
2013/08/15 19:43:05 [error] [exception.CHttpException.500] exception 'CHttpException' with message 'Please make sure to use at least Yii version 1.1.14.' in C:\wamp\www\bnieq\protected\modules\user\controllers\YumInstallController.php:47
Stack trace:
#0 C:\wamp\www\bnieq\framework\web\actions\CInlineAction.php(49): YumInstallController->actionInstall()
#1 C:\wamp\www\bnieq\framework\web\CController.php(308): CInlineAction->runWithParams(Array)
#2 C:\wamp\www\bnieq\framework\web\filters\CFilterChain.php(133): CController->runAction(Object(CInlineAction))
#3 C:\wamp\www\bnieq\framework\web\filters\CFilter.php(40): CFilterChain->run()
#4 C:\wamp\www\bnieq\framework\web\CController.php(1145): CFilter->filter(Object(CFilterChain))
#5 C:\wamp\www\bnieq\framework\web\filters\CInlineFilter.php(58): CController->filterAccessControl(Object(CFilterChain))
#6 C:\wamp\www\bnieq\framework\web\filters\CFilterChain.php(130): CInlineFilter->filter(Object(CFilterChain))
#7 C:\wamp\www\bnieq\framework\web\CController.php(291): CFilterChain->run()
#8 C:\wamp\www\bnieq\framework\web\CController.php(265): CController->runActionWithFilters(Object(CInlineAction), Array)
#9 C:\wamp\www\bnieq\framework\web\CWebApplication.php(282): CController->run('')
#10 C:\wamp\www\bnieq\framework\web\CWebApplication.php(141): CWebApplication->runController('user/install')
#11 C:\wamp\www\bnieq\framework\base\CApplication.php(169): CWebApplication->processRequest()
#12 C:\wamp\www\bnieq\index.php(13): CApplication->run()
#13 {main}
REQUEST_URI=/bnieq/user/install
---
2013/08/15 19:43:23 [error] [exception.CHttpException.500] exception 'CHttpException' with message 'Please make sure to use at least Yii version 1.1.14.' in C:\wamp\www\bnieq\protected\modules\user\controllers\YumInstallController.php:47
Stack trace:
#0 C:\wamp\www\bnieq\framework\web\actions\CInlineAction.php(49): YumInstallController->actionInstall()
#1 C:\wamp\www\bnieq\framework\web\CController.php(308): CInlineAction->runWithParams(Array)
#2 C:\wamp\www\bnieq\framework\web\filters\CFilterChain.php(133): CController->runAction(Object(CInlineAction))
#3 C:\wamp\www\bnieq\framework\web\filters\CFilter.php(40): CFilterChain->run()
#4 C:\wamp\www\bnieq\framework\web\CController.php(1145): CFilter->filter(Object(CFilterChain))
#5 C:\wamp\www\bnieq\framework\web\filters\CInlineFilter.php(58): CController->filterAccessControl(Object(CFilterChain))
#6 C:\wamp\www\bnieq\framework\web\filters\CFilterChain.php(130): CInlineFilter->filter(Object(CFilterChain))
#7 C:\wamp\www\bnieq\framework\web\CController.php(291): CFilterChain->run()
#8 C:\wamp\www\bnieq\framework\web\CController.php(265): CController->runActionWithFilters(Object(CInlineAction), Array)
#9 C:\wamp\www\bnieq\framework\web\CWebApplication.php(282): CController->run('')
#10 C:\wamp\www\bnieq\framework\web\CWebApplication.php(141): CWebApplication->runController('user/install')
#11 C:\wamp\www\bnieq\framework\base\CApplication.php(169): CWebApplication->processRequest()
#12 C:\wamp\www\bnieq\index.php(13): CApplication->run()
#13 {main}
REQUEST_URI=/bnieq/user/install
---
2013/08/15 19:50:04 [error] [system.db.CDbCommand] CDbCommand::fetchAll() failed: SQLSTATE[42S02]: Base table or view not found: 1146 Table 'bnieq.translation' doesn't exist. The SQL statement executed was: select message, translation from translation where language = :language and category = :category.
in C:\wamp\www\bnieq\protected\modules\user\models\Yum.php (132)
in C:\wamp\www\bnieq\protected\modules\user\controllers\YumInstallController.php (411)
in C:\wamp\www\bnieq\index.php (13)
2013/08/15 19:50:04 [error] [exception.CDbException] exception 'CDbException' with message 'CDbCommand failed to execute the SQL statement: SQLSTATE[42S02]: Base table or view not found: 1146 Table 'bnieq.translation' doesn't exist. The SQL statement executed was: select message, translation from translation where language = :language and category = :category' in C:\wamp\www\bnieq\framework\db\CDbCommand.php:543
Stack trace:
#0 C:\wamp\www\bnieq\framework\db\CDbCommand.php(396): CDbCommand->queryInternal('fetchAll', Array, Array)
#1 C:\wamp\www\bnieq\protected\modules\user\models\Yum.php(132): CDbCommand->queryAll()
#2 C:\wamp\www\bnieq\protected\modules\user\controllers\YumInstallController.php(411): Yum::t('Yii-user-manage...')
#3 C:\wamp\www\bnieq\framework\web\actions\CInlineAction.php(49): YumInstallController->actionInstall()
#4 C:\wamp\www\bnieq\framework\web\CController.php(308): CInlineAction->runWithParams(Array)
#5 C:\wamp\www\bnieq\framework\web\filters\CFilterChain.php(133): CController->runAction(Object(CInlineAction))
#6 C:\wamp\www\bnieq\framework\web\filters\CFilter.php(40): CFilterChain->run()
#7 C:\wamp\www\bnieq\framework\web\CController.php(1145): CFilter->filter(Object(CFilterChain))
#8 C:\wamp\www\bnieq\framework\web\filters\CInlineFilter.php(58): CController->filterAccessControl(Object(CFilterChain))
#9 C:\wamp\www\bnieq\framework\web\filters\CFilterChain.php(130): CInlineFilter->filter(Object(CFilterChain))
#10 C:\wamp\www\bnieq\framework\web\CController.php(291): CFilterChain->run()
#11 C:\wamp\www\bnieq\framework\web\CController.php(265): CController->runActionWithFilters(Object(CInlineAction), Array)
#12 C:\wamp\www\bnieq\framework\web\CWebApplication.php(282): CController->run('')
#13 C:\wamp\www\bnieq\framework\web\CWebApplication.php(141): CWebApplication->runController('user/install')
#14 C:\wamp\www\bnieq\framework\base\CApplication.php(180): CWebApplication->processRequest()
#15 C:\wamp\www\bnieq\index.php(13): CApplication->run()
#16 {main}
REQUEST_URI=/bnieq/user/install
---
2013/08/15 19:51:24 [error] [system.db.CDbCommand] CDbCommand::fetchAll() failed: SQLSTATE[42S02]: Base table or view not found: 1146 Table 'bnieq.translation' doesn't exist. The SQL statement executed was: select message, translation from translation where language = :language and category = :category.
in C:\wamp\www\bnieq\protected\modules\user\models\Yum.php (132)
in C:\wamp\www\bnieq\protected\modules\user\views\user\login.php (27)
in C:\wamp\www\bnieq\protected\modules\user\controllers\YumAuthController.php (247)
2013/08/15 19:51:24 [error] [exception.CDbException] exception 'CDbException' with message 'CDbCommand failed to execute the SQL statement: SQLSTATE[42S02]: Base table or view not found: 1146 Table 'bnieq.translation' doesn't exist. The SQL statement executed was: select message, translation from translation where language = :language and category = :category' in C:\wamp\www\bnieq\framework\db\CDbCommand.php:543
Stack trace:
#0 C:\wamp\www\bnieq\framework\db\CDbCommand.php(396): CDbCommand->queryInternal('fetchAll', Array, Array)
#1 C:\wamp\www\bnieq\protected\modules\user\models\Yum.php(132): CDbCommand->queryAll()
#2 C:\wamp\www\bnieq\protected\modules\user\views\user\login.php(27): Yum::t('Login')
#3 C:\wamp\www\bnieq\framework\web\CBaseController.php(126): require('C:\wamp\www\bni...')
#4 C:\wamp\www\bnieq\framework\web\CBaseController.php(95): CBaseController->renderInternal('C:\wamp\www\bni...', Array, true)
#5 C:\wamp\www\bnieq\framework\web\CController.php(869): CBaseController->renderFile('C:\wamp\www\bni...', Array, true)
#6 C:\wamp\www\bnieq\framework\web\CController.php(782): CController->renderPartial('/user/login', Array, true)
#7 C:\wamp\www\bnieq\protected\modules\user\controllers\YumAuthController.php(247): CController->render('/user/login', Array)
#8 [internal function]: YumAuthController->actionLogin(false)
#9 C:\wamp\www\bnieq\framework\web\actions\CAction.php(108): ReflectionMethod->invokeArgs(Object(YumAuthController), Array)
#10 C:\wamp\www\bnieq\framework\web\actions\CInlineAction.php(47): CAction->runWithParamsInternal(Object(YumAuthController), Object(ReflectionMethod), Array)
#11 C:\wamp\www\bnieq\framework\web\CController.php(308): CInlineAction->runWithParams(Array)
#12 C:\wamp\www\bnieq\framework\web\filters\CFilterChain.php(133): CController->runAction(Object(CInlineAction))
#13 C:\wamp\www\bnieq\framework\web\filters\CFilter.php(40): CFilterChain->run()
#14 C:\wamp\www\bnieq\framework\web\CController.php(1145): CFilter->filter(Object(CFilterChain))
#15 C:\wamp\www\bnieq\framework\web\filters\CInlineFilter.php(58): CController->filterAccessControl(Object(CFilterChain))
#16 C:\wamp\www\bnieq\framework\web\filters\CFilterChain.php(130): CInlineFilter->filter(Object(CFilterChain))
#17 C:\wamp\www\bnieq\framework\web\CController.php(291): CFilterChain->run()
#18 C:\wamp\www\bnieq\framework\web\CController.php(265): CController->runActionWithFilters(Object(CInlineAction), Array)
#19 C:\wamp\www\bnieq\framework\web\CWebApplication.php(282): CController->run('')
#20 C:\wamp\www\bnieq\framework\web\CWebApplication.php(141): CWebApplication->runController('user/auth')
#21 C:\wamp\www\bnieq\framework\base\CApplication.php(180): CWebApplication->processRequest()
#22 C:\wamp\www\bnieq\index.php(13): CApplication->run()
#23 {main}
REQUEST_URI=/bnieq/user/auth
---
2013/08/15 19:51:27 [error] [system.db.CDbCommand] CDbCommand::fetchAll() failed: SQLSTATE[42S02]: Base table or view not found: 1146 Table 'bnieq.translation' doesn't exist. The SQL statement executed was: select message, translation from translation where language = :language and category = :category.
in C:\wamp\www\bnieq\protected\modules\user\models\Yum.php (132)
in C:\wamp\www\bnieq\protected\modules\user\controllers\YumInstallController.php (411)
in C:\wamp\www\bnieq\index.php (13)
2013/08/15 19:51:27 [error] [exception.CDbException] exception 'CDbException' with message 'CDbCommand failed to execute the SQL statement: SQLSTATE[42S02]: Base table or view not found: 1146 Table 'bnieq.translation' doesn't exist. The SQL statement executed was: select message, translation from translation where language = :language and category = :category' in C:\wamp\www\bnieq\framework\db\CDbCommand.php:543
Stack trace:
#0 C:\wamp\www\bnieq\framework\db\CDbCommand.php(396): CDbCommand->queryInternal('fetchAll', Array, Array)
#1 C:\wamp\www\bnieq\protected\modules\user\models\Yum.php(132): CDbCommand->queryAll()
#2 C:\wamp\www\bnieq\protected\modules\user\controllers\YumInstallController.php(411): Yum::t('Yii-user-manage...')
#3 C:\wamp\www\bnieq\framework\web\actions\CInlineAction.php(49): YumInstallController->actionInstall()
#4 C:\wamp\www\bnieq\framework\web\CController.php(308): CInlineAction->runWithParams(Array)
#5 C:\wamp\www\bnieq\framework\web\filters\CFilterChain.php(133): CController->runAction(Object(CInlineAction))
#6 C:\wamp\www\bnieq\framework\web\filters\CFilter.php(40): CFilterChain->run()
#7 C:\wamp\www\bnieq\framework\web\CController.php(1145): CFilter->filter(Object(CFilterChain))
#8 C:\wamp\www\bnieq\framework\web\filters\CInlineFilter.php(58): CController->filterAccessControl(Object(CFilterChain))
#9 C:\wamp\www\bnieq\framework\web\filters\CFilterChain.php(130): CInlineFilter->filter(Object(CFilterChain))
#10 C:\wamp\www\bnieq\framework\web\CController.php(291): CFilterChain->run()
#11 C:\wamp\www\bnieq\framework\web\CController.php(265): CController->runActionWithFilters(Object(CInlineAction), Array)
#12 C:\wamp\www\bnieq\framework\web\CWebApplication.php(282): CController->run('')
#13 C:\wamp\www\bnieq\framework\web\CWebApplication.php(141): CWebApplication->runController('user/install')
#14 C:\wamp\www\bnieq\framework\base\CApplication.php(180): CWebApplication->processRequest()
#15 C:\wamp\www\bnieq\index.php(13): CApplication->run()
#16 {main}
REQUEST_URI=/bnieq/user/install
---
2013/08/15 20:04:05 [error] [exception.CHttpException.403] exception 'CHttpException' with message 'Yii-user-management is already installed. Please remove it manually to continue' in C:\wamp\www\bnieq\protected\modules\user\controllers\YumInstallController.php:410
Stack trace:
#0 C:\wamp\www\bnieq\framework\web\actions\CInlineAction.php(49): YumInstallController->actionInstall()
#1 C:\wamp\www\bnieq\framework\web\CController.php(308): CInlineAction->runWithParams(Array)
#2 C:\wamp\www\bnieq\framework\web\filters\CFilterChain.php(133): CController->runAction(Object(CInlineAction))
#3 C:\wamp\www\bnieq\framework\web\filters\CFilter.php(40): CFilterChain->run()
#4 C:\wamp\www\bnieq\framework\web\CController.php(1145): CFilter->filter(Object(CFilterChain))
#5 C:\wamp\www\bnieq\framework\web\filters\CInlineFilter.php(58): CController->filterAccessControl(Object(CFilterChain))
#6 C:\wamp\www\bnieq\framework\web\filters\CFilterChain.php(130): CInlineFilter->filter(Object(CFilterChain))
#7 C:\wamp\www\bnieq\framework\web\CController.php(291): CFilterChain->run()
#8 C:\wamp\www\bnieq\framework\web\CController.php(265): CController->runActionWithFilters(Object(CInlineAction), Array)
#9 C:\wamp\www\bnieq\framework\web\CWebApplication.php(282): CController->run('')
#10 C:\wamp\www\bnieq\framework\web\CWebApplication.php(141): CWebApplication->runController('user/install')
#11 C:\wamp\www\bnieq\framework\base\CApplication.php(180): CWebApplication->processRequest()
#12 C:\wamp\www\bnieq\index.php(13): CApplication->run()
#13 {main}
REQUEST_URI=/bnieq/user/install
---
2013/08/15 20:07:07 [error] [exception.CHttpException.403] exception 'CHttpException' with message 'Yii-user-management is already installed. Please remove it manually to continue' in C:\wamp\www\bnieq\protected\modules\user\controllers\YumInstallController.php:410
Stack trace:
#0 C:\wamp\www\bnieq\framework\web\actions\CInlineAction.php(49): YumInstallController->actionInstall()
#1 C:\wamp\www\bnieq\framework\web\CController.php(308): CInlineAction->runWithParams(Array)
#2 C:\wamp\www\bnieq\framework\web\filters\CFilterChain.php(133): CController->runAction(Object(CInlineAction))
#3 C:\wamp\www\bnieq\framework\web\filters\CFilter.php(40): CFilterChain->run()
#4 C:\wamp\www\bnieq\framework\web\CController.php(1145): CFilter->filter(Object(CFilterChain))
#5 C:\wamp\www\bnieq\framework\web\filters\CInlineFilter.php(58): CController->filterAccessControl(Object(CFilterChain))
#6 C:\wamp\www\bnieq\framework\web\filters\CFilterChain.php(130): CInlineFilter->filter(Object(CFilterChain))
#7 C:\wamp\www\bnieq\framework\web\CController.php(291): CFilterChain->run()
#8 C:\wamp\www\bnieq\framework\web\CController.php(265): CController->runActionWithFilters(Object(CInlineAction), Array)
#9 C:\wamp\www\bnieq\framework\web\CWebApplication.php(282): CController->run('')
#10 C:\wamp\www\bnieq\framework\web\CWebApplication.php(141): CWebApplication->runController('user/install')
#11 C:\wamp\www\bnieq\framework\base\CApplication.php(180): CWebApplication->processRequest()
#12 C:\wamp\www\bnieq\index.php(13): CApplication->run()
#13 {main}
REQUEST_URI=/bnieq/user/install
---
2013/08/15 20:12:06 [error] [system.db.CDbCommand] CDbCommand::fetchAll() failed: SQLSTATE[42S02]: Base table or view not found: 1146 Table 'bnieq.user' doesn't exist. The SQL statement executed was: SHOW FULL COLUMNS FROM `user`.
in C:\wamp\www\bnieq\protected\modules\user\controllers\YumInstallController.php (409)
in C:\wamp\www\bnieq\index.php (13)
2013/08/15 20:20:11 [error] [exception.CHttpException.403] exception 'CHttpException' with message 'Yii-user-management is already installed. Please remove it manually to continue' in C:\wamp\www\bnieq\protected\modules\user\controllers\YumInstallController.php:410
Stack trace:
#0 C:\wamp\www\bnieq\framework\web\actions\CInlineAction.php(49): YumInstallController->actionInstall()
#1 C:\wamp\www\bnieq\framework\web\CController.php(308): CInlineAction->runWithParams(Array)
#2 C:\wamp\www\bnieq\framework\web\filters\CFilterChain.php(133): CController->runAction(Object(CInlineAction))
#3 C:\wamp\www\bnieq\framework\web\filters\CFilter.php(40): CFilterChain->run()
#4 C:\wamp\www\bnieq\framework\web\CController.php(1145): CFilter->filter(Object(CFilterChain))
#5 C:\wamp\www\bnieq\framework\web\filters\CInlineFilter.php(58): CController->filterAccessControl(Object(CFilterChain))
#6 C:\wamp\www\bnieq\framework\web\filters\CFilterChain.php(130): CInlineFilter->filter(Object(CFilterChain))
#7 C:\wamp\www\bnieq\framework\web\CController.php(291): CFilterChain->run()
#8 C:\wamp\www\bnieq\framework\web\CController.php(265): CController->runActionWithFilters(Object(CInlineAction), Array)
#9 C:\wamp\www\bnieq\framework\web\CWebApplication.php(282): CController->run('')
#10 C:\wamp\www\bnieq\framework\web\CWebApplication.php(141): CWebApplication->runController('user/install')
#11 C:\wamp\www\bnieq\framework\base\CApplication.php(180): CWebApplication->processRequest()
#12 C:\wamp\www\bnieq\index.php(13): CApplication->run()
#13 {main}
REQUEST_URI=/bnieq/user/install
---
2013/08/15 20:20:12 [error] [exception.CHttpException.404] exception 'CHttpException' with message 'Unable to resolve the request "user/admin".' in C:\wamp\www\bnieq\framework\web\CWebApplication.php:286
Stack trace:
#0 C:\wamp\www\bnieq\framework\web\CWebApplication.php(141): CWebApplication->runController('user/admin')
#1 C:\wamp\www\bnieq\framework\base\CApplication.php(180): CWebApplication->processRequest()
#2 C:\wamp\www\bnieq\index.php(13): CApplication->run()
#3 {main}
REQUEST_URI=/bnieq/user/admin
---
2013/08/15 20:20:19 [error] [exception.CHttpException.403] exception 'CHttpException' with message 'You are not authorized to perform this action.' in C:\wamp\www\bnieq\framework\web\auth\CAccessControlFilter.php:182
Stack trace:
#0 C:\wamp\www\bnieq\framework\web\auth\CAccessControlFilter.php(145): CAccessControlFilter->accessDenied(Object(YumWebUser), 'You are not aut...')
#1 C:\wamp\www\bnieq\framework\web\filters\CFilter.php(38): CAccessControlFilter->preFilter(Object(CFilterChain))
#2 C:\wamp\www\bnieq\framework\web\CController.php(1145): CFilter->filter(Object(CFilterChain))
#3 C:\wamp\www\bnieq\framework\web\filters\CInlineFilter.php(58): CController->filterAccessControl(Object(CFilterChain))
#4 C:\wamp\www\bnieq\framework\web\filters\CFilterChain.php(130): CInlineFilter->filter(Object(CFilterChain))
#5 C:\wamp\www\bnieq\framework\web\CController.php(291): CFilterChain->run()
#6 C:\wamp\www\bnieq\framework\web\CController.php(265): CController->runActionWithFilters(Object(CInlineAction), Array)
#7 C:\wamp\www\bnieq\framework\web\CWebApplication.php(282): CController->run('admin')
#8 C:\wamp\www\bnieq\framework\web\CWebApplication.php(141): CWebApplication->runController('user/user/admin')
#9 C:\wamp\www\bnieq\framework\base\CApplication.php(180): CWebApplication->processRequest()
#10 C:\wamp\www\bnieq\index.php(13): CApplication->run()
#11 {main}
REQUEST_URI=/bnieq/user/user/admin
---
2013/08/15 20:21:29 [error] [exception.CHttpException.403] exception 'CHttpException' with message 'You are not authorized to perform this action.' in C:\wamp\www\bnieq\framework\web\auth\CAccessControlFilter.php:182
Stack trace:
#0 C:\wamp\www\bnieq\framework\web\auth\CAccessControlFilter.php(145): CAccessControlFilter->accessDenied(Object(YumWebUser), 'You are not aut...')
#1 C:\wamp\www\bnieq\framework\web\filters\CFilter.php(38): CAccessControlFilter->preFilter(Object(CFilterChain))
#2 C:\wamp\www\bnieq\framework\web\CController.php(1145): CFilter->filter(Object(CFilterChain))
#3 C:\wamp\www\bnieq\framework\web\filters\CInlineFilter.php(58): CController->filterAccessControl(Object(CFilterChain))
#4 C:\wamp\www\bnieq\framework\web\filters\CFilterChain.php(130): CInlineFilter->filter(Object(CFilterChain))
#5 C:\wamp\www\bnieq\framework\web\CController.php(291): CFilterChain->run()
#6 C:\wamp\www\bnieq\framework\web\CController.php(265): CController->runActionWithFilters(Object(CInlineAction), Array)
#7 C:\wamp\www\bnieq\framework\web\CWebApplication.php(282): CController->run('admin')
#8 C:\wamp\www\bnieq\framework\web\CWebApplication.php(141): CWebApplication->runController('user/user/admin')
#9 C:\wamp\www\bnieq\framework\base\CApplication.php(180): CWebApplication->processRequest()
#10 C:\wamp\www\bnieq\index.php(13): CApplication->run()
#11 {main}
REQUEST_URI=/bnieq/user/user/admin
---
2013/08/15 20:21:34 [error] [exception.CHttpException.404] exception 'CHttpException' with message 'Unable to resolve the request "profile/profile/view/id/1".' in C:\wamp\www\bnieq\framework\web\CWebApplication.php:286
Stack trace:
#0 C:\wamp\www\bnieq\framework\web\CWebApplication.php(141): CWebApplication->runController('profile/profile...')
#1 C:\wamp\www\bnieq\framework\base\CApplication.php(180): CWebApplication->processRequest()
#2 C:\wamp\www\bnieq\index.php(13): CApplication->run()
#3 {main}
REQUEST_URI=/bnieq/profile/profile/view/id/1
HTTP_REFERER=http://localhost/bnieq/user/user/index
---
2013/08/15 20:21:40 [error] [exception.CHttpException.404] exception 'CHttpException' with message 'Unable to resolve the request "profile/profile/view/id/1".' in C:\wamp\www\bnieq\framework\web\CWebApplication.php:286
Stack trace:
#0 C:\wamp\www\bnieq\framework\web\CWebApplication.php(141): CWebApplication->runController('profile/profile...')
#1 C:\wamp\www\bnieq\framework\base\CApplication.php(180): CWebApplication->processRequest()
#2 C:\wamp\www\bnieq\index.php(13): CApplication->run()
#3 {main}
REQUEST_URI=/bnieq/profile/profile/view/id/1
HTTP_REFERER=http://localhost/bnieq/user/user/index
---
2013/08/15 20:22:09 [error] [exception.CHttpException.403] exception 'CHttpException' with message 'You are not authorized to perform this action.' in C:\wamp\www\bnieq\framework\web\auth\CAccessControlFilter.php:182
Stack trace:
#0 C:\wamp\www\bnieq\framework\web\auth\CAccessControlFilter.php(145): CAccessControlFilter->accessDenied(Object(YumWebUser), 'You are not aut...')
#1 C:\wamp\www\bnieq\framework\web\filters\CFilter.php(38): CAccessControlFilter->preFilter(Object(CFilterChain))
#2 C:\wamp\www\bnieq\framework\web\CController.php(1145): CFilter->filter(Object(CFilterChain))
#3 C:\wamp\www\bnieq\framework\web\filters\CInlineFilter.php(58): CController->filterAccessControl(Object(CFilterChain))
#4 C:\wamp\www\bnieq\framework\web\filters\CFilterChain.php(130): CInlineFilter->filter(Object(CFilterChain))
#5 C:\wamp\www\bnieq\framework\web\CController.php(291): CFilterChain->run()
#6 C:\wamp\www\bnieq\framework\web\CController.php(265): CController->runActionWithFilters(Object(CInlineAction), Array)
#7 C:\wamp\www\bnieq\framework\web\CWebApplication.php(282): CController->run('admin')
#8 C:\wamp\www\bnieq\framework\web\CWebApplication.php(141): CWebApplication->runController('user/user/admin')
#9 C:\wamp\www\bnieq\framework\base\CApplication.php(180): CWebApplication->processRequest()
#10 C:\wamp\www\bnieq\index.php(13): CApplication->run()
#11 {main}
REQUEST_URI=/bnieq/user/user/admin
---
2013/08/15 20:22:13 [error] [exception.CHttpException.404] exception 'CHttpException' with message 'Unable to resolve the request "user/admin".' in C:\wamp\www\bnieq\framework\web\CWebApplication.php:286
Stack trace:
#0 C:\wamp\www\bnieq\framework\web\CWebApplication.php(141): CWebApplication->runController('user/admin')
#1 C:\wamp\www\bnieq\framework\base\CApplication.php(180): CWebApplication->processRequest()
#2 C:\wamp\www\bnieq\index.php(13): CApplication->run()
#3 {main}
REQUEST_URI=/bnieq/user/admin
---
2013/08/15 20:23:31 [error] [system.db.CDbCommand] CDbCommand::fetchColumn() failed: SQLSTATE[42S22]: Column not found: 1054 Unknown column 'admin' in 'where clause'. The SQL statement executed was: SELECT COUNT(*) FROM `message` `t` WHERE to_user_id = admin.
in C:\wamp\www\bnieq\protected\modules\message\views\message\index.php (38)
in C:\wamp\www\bnieq\protected\modules\message\controllers\YumMessageController.php (109)
in C:\wamp\www\bnieq\index.php (13)
2013/08/15 20:23:31 [error] [exception.CDbException] exception 'CDbException' with message 'CDbCommand failed to execute the SQL statement: SQLSTATE[42S22]: Column not found: 1054 Unknown column 'admin' in 'where clause'. The SQL statement executed was: SELECT COUNT(*) FROM `message` `t` WHERE to_user_id = admin' in C:\wamp\www\bnieq\framework\db\CDbCommand.php:543
Stack trace:
#0 C:\wamp\www\bnieq\framework\db\CDbCommand.php(433): CDbCommand->queryInternal('fetchColumn', 0, Array)
#1 C:\wamp\www\bnieq\framework\db\ar\CActiveRecord.php(1601): CDbCommand->queryScalar()
#2 C:\wamp\www\bnieq\framework\web\CActiveDataProvider.php(228): CActiveRecord->count(Object(CDbCriteria))
#3 C:\wamp\www\bnieq\framework\web\CDataProvider.php(224): CActiveDataProvider->calculateTotalItemCount()
#4 C:\wamp\www\bnieq\framework\web\CActiveDataProvider.php(178): CDataProvider->getTotalItemCount()
#5 C:\wamp\www\bnieq\framework\web\CDataProvider.php(168): CActiveDataProvider->fetchData()
#6 C:\wamp\www\bnieq\framework\zii\widgets\CBaseListView.php(111): CDataProvider->getData()
#7 C:\wamp\www\bnieq\framework\zii\widgets\grid\CGridView.php(339): CBaseListView->init()
#8 C:\wamp\www\bnieq\framework\web\CBaseController.php(147): CGridView->init()
#9 C:\wamp\www\bnieq\framework\web\CBaseController.php(172): CBaseController->createWidget('zii.widgets.gri...', Array)
#10 C:\wamp\www\bnieq\protected\modules\message\views\message\index.php(38): CBaseController->widget('zii.widgets.gri...', Array)
#11 C:\wamp\www\bnieq\framework\web\CBaseController.php(126): require('C:\wamp\www\bni...')
#12 C:\wamp\www\bnieq\framework\web\CBaseController.php(95): CBaseController->renderInternal('C:\wamp\www\bni...', Array, true)
#13 C:\wamp\www\bnieq\framework\web\CController.php(869): CBaseController->renderFile('C:\wamp\www\bni...', Array, true)
#14 C:\wamp\www\bnieq\framework\web\CController.php(782): CController->renderPartial('application.mod...', Array, true)
#15 C:\wamp\www\bnieq\protected\modules\message\controllers\YumMessageController.php(109): CController->render('application.mod...', Array)
#16 C:\wamp\www\bnieq\framework\web\actions\CInlineAction.php(49): YumMessageController->actionIndex()
#17 C:\wamp\www\bnieq\framework\web\CController.php(308): CInlineAction->runWithParams(Array)
#18 C:\wamp\www\bnieq\framework\web\filters\CFilterChain.php(133): CController->runAction(Object(CInlineAction))
#19 C:\wamp\www\bnieq\framework\web\filters\CFilter.php(40): CFilterChain->run()
#20 C:\wamp\www\bnieq\framework\web\CController.php(1145): CFilter->filter(Object(CFilterChain))
#21 C:\wamp\www\bnieq\framework\web\filters\CInlineFilter.php(58): CController->filterAccessControl(Object(CFilterChain))
#22 C:\wamp\www\bnieq\framework\web\filters\CFilterChain.php(130): CInlineFilter->filter(Object(CFilterChain))
#23 C:\wamp\www\bnieq\framework\web\CController.php(291): CFilterChain->run()
#24 C:\wamp\www\bnieq\framework\web\CController.php(265): CController->runActionWithFilters(Object(CInlineAction), Array)
#25 C:\wamp\www\bnieq\framework\web\CWebApplication.php(282): CController->run('index')
#26 C:\wamp\www\bnieq\framework\web\CWebApplication.php(141): CWebApplication->runController('message/message...')
#27 C:\wamp\www\bnieq\framework\base\CApplication.php(180): CWebApplication->processRequest()
#28 C:\wamp\www\bnieq\index.php(13): CApplication->run()
#29 {main}
REQUEST_URI=/bnieq/message/message/index
HTTP_REFERER=http://localhost/bnieq/user/user/index
---
2013/08/15 20:33:13 [error] [exception.CHttpException.404] exception 'CHttpException' with message 'Unable to resolve the request "assets/16e6fcf1/statistics.css".' in C:\wamp\www\bnieq\framework\web\CWebApplication.php:286
Stack trace:
#0 C:\wamp\www\bnieq\framework\web\CWebApplication.php(141): CWebApplication->runController('assets/16e6fcf1...')
#1 C:\wamp\www\bnieq\framework\base\CApplication.php(180): CWebApplication->processRequest()
#2 C:\wamp\www\bnieq\index.php(13): CApplication->run()
#3 {main}
REQUEST_URI=/bnieq/assets/16e6fcf1/statistics.css
HTTP_REFERER=http://localhost/bnieq/user/statistics/index
---
2013/08/15 21:23:44 [error] [exception.CHttpException.404] exception 'CHttpException' with message 'Unable to resolve the request "assets/16e6fcf1/statistics.css".' in C:\wamp\www\bnieq\framework\web\CWebApplication.php:286
Stack trace:
#0 C:\wamp\www\bnieq\framework\web\CWebApplication.php(141): CWebApplication->runController('assets/16e6fcf1...')
#1 C:\wamp\www\bnieq\framework\base\CApplication.php(180): CWebApplication->processRequest()
#2 C:\wamp\www\bnieq\index.php(13): CApplication->run()
#3 {main}
REQUEST_URI=/bnieq/assets/16e6fcf1/statistics.css
HTTP_REFERER=http://localhost/bnieq/user/statistics/index
---
